[LOG] System::create                           : Header version = 2.02.28. Current version = 2.02.28.
[LOG] Manager::init                            : maxchannels = 256 studioflags = 00000006 flags 00000000 extradriverdata 0000000000000000.
[LOG] SystemI::init                            : Initialize version=20228 (150745), maxchannels=256, flags=0x00020000
[LOG] SystemI::setOutputInternal               : Setting output to 'FMOD WASAPI Output'
[LOG] OutputWASAPI::init                       : Mix Format (WAVEFORMATEX): wFormatTag=0xFFFE, nChannels=2, nSamplesPerSec=48000, nAvgBytesPerSec=384000, nBlockAlign=8, wBitsPerSample=32, cbSize=22.
[LOG] OutputWASAPI::init                       : Mix Format (WAVEFORMATEXTENSIBLE): wValidBitsPerSample=32, dwChannelMask=0x00000003, SubFormat=00000003-0000-0010-8000-00AA00389B71.
[LOG] OutputWASAPI::init                       : Output buffer size: 4096 samples, latency: 0.00ms, period: 10.00ms, DSP buffer: 1024 * 4
[LOG] Thread::initThread                       : Init FMOD stream thread. Affinity: 0x4000000000000003, Priority: 0xFFFF7FFB, Stack Size: 98304, Semaphore: No, Sleep Time: 10, Looping: Yes.
[LOG] Thread::initThread                       : Init FMOD mixer thread. Affinity: 0x4000000000000001, Priority: 0xFFFF7FFA, Stack Size: 81920, Semaphore: No, Sleep Time: 0, Looping: Yes.
[LOG] AsyncManager::init                       : manager 000002075E2F9A98 isAsync 0 updatePeriod 0.02
[LOG] AsyncManager::init                       : done
[LOG] PlaybackSystem::init                     : 
[LOG] Thread::initThread                       : Init FMOD Studio sample load thread. Affinity: 0x4000000000000003, Priority: 0xFFFF7FFD, Stack Size: 98304, Semaphore: No, Sleep Time: 1, Looping: No.
[LOG] PlaybackSystem::init                     : done
[LOG] Thread::initThread                       : Init FMOD Studio bank load thread. Affinity: 0x4000000000000003, Priority: 0xFFFF7FFD, Stack Size: 98304, Semaphore: No, Sleep Time: 1, Looping: No.
[LOG] Manager::init                            : done.
[LOG] Manager::readBank                        : fileversion = 142, compatVersion = 140 (oldest = 44, newest = 142)
[LOG] Manager::readBank                        : fileversion = 142, compatVersion = 140 (oldest = 44, newest = 142)
[LOG] PlaybackSystem::acquireMasterBus         : Setting master channel group format to 6
[LOG] Manager::readBank                        : fileversion = 142, compatVersion = 140 (oldest = 44, newest = 142)
[LOG] SystemI::createSound                     : filename = Assets/Plugins/FMOD/FMODBuild/Desktop/Vrij2.bank : mode 02010082
[LOG] SystemI::createSound                     : FMOD_NONBLOCKING specified.  Putting into queue to be opened asynchronously!
[LOG] Thread::initThread                       : Init FMOD nonblocking thread (0). Affinity: 0x4000000000000003, Priority: 0xFFFF7FFC, Stack Size: 114688, Semaphore: Yes, Sleep Time: 0, Looping: Yes.
[LOG] AsyncThread::add                         : add sound to async queue : soundi = 0000020481193D58, queue head = 0000020480E40A88, queue count = 0
[LOG] AsyncThread::threadFunc                  : Starting Asynchronous operation on sound 0000020481193D58
[LOG] SystemI::createSoundInternal             :     Create name='Assets/Plugins/FMOD/FMODBuild/Desktop/Vrij2.bank', mode=0x02010082
[LOG] SystemI::createSoundInternal             :     exinfo->cbsize             = 224
[LOG] SystemI::createSoundInternal             :     exinfo->length             = 1138944
[LOG] SystemI::createSoundInternal             :     exinfo->fileoffset         = 12832
[LOG] SystemI::createSoundInternal             :     exinfo->numsubsounds       = 1
[LOG] SystemI::createSoundInternal             :     exinfo->inclusionlist      = 000002075F814CC0
[LOG] SystemI::createSoundInternal             :     exinfo->inclusionlistnum   = 1
[LOG] SystemI::createSoundInternal             :     exinfo->suggestedsoundtype = 5
[LOG] SystemI::createSoundInternal             :     exinfo->initialseekpostype = 1
[LOG] SystemI::createSoundInternal             :     Stream 0/1: name='68486__hanstimm__heartbeatnb00', format=5, channels=2, frequency=48000, lengthbytes=192608, lengthpcm=2935808, pcmblocksize=0, loopstart=0, loopend=0, mode=0x00000000, channelmask=0x00000000, channelorder=0, peakvolume=1.000000.
[LOG] Thread::initThread                       :     Init FMOD file thread. Affinity: 0x4000000000000003, Priority: 0xFFFF7FFC, Stack Size: 65536, Semaphore: No, Sleep Time: 10, Looping: Yes.
[LOG] AsyncThread::threadFunc                  : Finished Asynchronous operation on sound 0000020481193D58
[LOG] SystemI::createSound                     : filename = Assets/Plugins/FMOD/FMODBuild/Desktop/Vrij2.bank : mode 02010082
[LOG] SystemI::createSound                     : FMOD_NONBLOCKING specified.  Putting into queue to be opened asynchronously!
[LOG] AsyncThread::add                         : add sound to async queue : soundi = 00000207FFABE428, queue head = 0000020480E40A88, queue count = 0
[LOG] AsyncThread::threadFunc                  : Starting Asynchronous operation on sound 00000207FFABE428
[LOG] SystemI::createSoundInternal             :     Create name='Assets/Plugins/FMOD/FMODBuild/Desktop/Vrij2.bank', mode=0x02010082
[LOG] SystemI::createSoundInternal             :     exinfo->cbsize             = 224
[LOG] SystemI::createSoundInternal             :     exinfo->length             = 1138944
[LOG] SystemI::createSoundInternal             :     exinfo->fileoffset         = 12832
[LOG] SystemI::createSoundInternal             :     exinfo->numsubsounds       = 1
[LOG] SystemI::createSoundInternal             :     exinfo->inclusionlist      = 000002049218C9C0
[LOG] SystemI::createSoundInternal             :     exinfo->inclusionlistnum   = 1
[LOG] SystemI::createSoundInternal             :     exinfo->suggestedsoundtype = 5
[LOG] SystemI::createSoundInternal             :     exinfo->initialseekpostype = 1
[LOG] SystemI::createSoundInternal             :     Stream 0/1: name='68486__hanstimm__heartbeatnb00', format=5, channels=2, frequency=48000, lengthbytes=192608, lengthpcm=2935808, pcmblocksize=0, loopstart=0, loopend=0, mode=0x00000000, channelmask=0x00000000, channelorder=0, peakvolume=1.000000.
[LOG] AsyncThread::threadFunc                  : Finished Asynchronous operation on sound 00000207FFABE428
[LOG] SoundI::release                          : 68486__hanstimm__heartbeatnb00 (0000020481193D58)
[LOG] SoundI::release                          :     68486__hanstimm__heartbeatnb00 (00000206FBCEA698)
[LOG] SoundI::release                          :     68486__hanstimm__heartbeatnb00 (00000204811940B8)
[LOG] SystemI::createSound                     : filename = Assets/Plugins/FMOD/FMODBuild/Desktop/Vrij2.bank : mode 02010082
[LOG] SystemI::createSound                     : FMOD_NONBLOCKING specified.  Putting into queue to be opened asynchronously!
[LOG] AsyncThread::add                         : add sound to async queue : soundi = 00000207FFABE278, queue head = 0000020480E40A88, queue count = 0
[LOG] AsyncThread::threadFunc                  : Starting Asynchronous operation on sound 00000207FFABE278
[LOG] SystemI::createSoundInternal             :     Create name='Assets/Plugins/FMOD/FMODBuild/Desktop/Vrij2.bank', mode=0x02010082
[LOG] SystemI::createSoundInternal             :     exinfo->cbsize             = 224
[LOG] SystemI::createSoundInternal             :     exinfo->length             = 1138944
[LOG] SystemI::createSoundInternal             :     exinfo->fileoffset         = 12832
[LOG] SystemI::createSoundInternal             :     exinfo->numsubsounds       = 1
[LOG] SystemI::createSoundInternal             :     exinfo->inclusionlist      = 000002075F88D120
[LOG] SystemI::createSoundInternal             :     exinfo->inclusionlistnum   = 1
[LOG] SystemI::createSoundInternal             :     exinfo->suggestedsoundtype = 5
[LOG] SystemI::createSoundInternal             :     exinfo->initialseekpostype = 1
[LOG] SystemI::createSoundInternal             :     Stream 0/1: name='68486__hanstimm__heartbeatnb00', format=5, channels=2, frequency=48000, lengthbytes=192608, lengthpcm=2935808, pcmblocksize=0, loopstart=0, loopend=0, mode=0x00000000, channelmask=0x00000000, channelorder=0, peakvolume=1.000000.
[LOG] AsyncThread::threadFunc                  : Finished Asynchronous operation on sound 00000207FFABE278
[LOG] SoundI::release                          : 68486__hanstimm__heartbeatnb00 (00000207FFABE428)
[LOG] SoundI::release                          :     68486__hanstimm__heartbeatnb00 (00000206FBCEBBB8)
[LOG] SoundI::release                          :     68486__hanstimm__heartbeatnb00 (0000020481194268)
[LOG] SystemI::createSound                     : filename = Assets/Plugins/FMOD/FMODBuild/Desktop/Vrij2.bank : mode 02010082
[LOG] SystemI::createSound                     : FMOD_NONBLOCKING specified.  Putting into queue to be opened asynchronously!
[LOG] AsyncThread::add                         : add sound to async queue : soundi = 00000207610AB908, queue head = 0000020480E40A88, queue count = 0
[LOG] AsyncThread::threadFunc                  : Starting Asynchronous operation on sound 00000207610AB908
[LOG] SystemI::createSoundInternal             :     Create name='Assets/Plugins/FMOD/FMODBuild/Desktop/Vrij2.bank', mode=0x02010082
[LOG] SystemI::createSoundInternal             :     exinfo->cbsize             = 224
[LOG] SystemI::createSoundInternal             :     exinfo->length             = 1138944
[LOG] SystemI::createSoundInternal             :     exinfo->fileoffset         = 12832
[LOG] SystemI::createSoundInternal             :     exinfo->numsubsounds       = 1
[LOG] SystemI::createSoundInternal             :     exinfo->inclusionlist      = 000002075F88D260
[LOG] SystemI::createSoundInternal             :     exinfo->inclusionlistnum   = 1
[LOG] SystemI::createSoundInternal             :     exinfo->suggestedsoundtype = 5
[LOG] SystemI::createSoundInternal             :     exinfo->initialseekpostype = 1
[LOG] SystemI::createSoundInternal             :     Stream 0/1: name='68486__hanstimm__heartbeatnb00', format=5, channels=2, frequency=48000, lengthbytes=192608, lengthpcm=2935808, pcmblocksize=0, loopstart=0, loopend=0, mode=0x00000000, channelmask=0x00000000, channelorder=0, peakvolume=1.000000.
[LOG] AsyncThread::threadFunc                  : Finished Asynchronous operation on sound 00000207610AB908
[LOG] SoundI::release                          : 68486__hanstimm__heartbeatnb00 (00000207FFABE278)
[LOG] SoundI::release                          :     68486__hanstimm__heartbeatnb00 (00000206FBCEBA18)
[LOG] SoundI::release                          :     68486__hanstimm__heartbeatnb00 (0000020481193D58)
[LOG] SystemI::createSound                     : filename = Assets/Plugins/FMOD/FMODBuild/Desktop/Vrij2.bank : mode 02010082
[LOG] SystemI::createSound                     : FMOD_NONBLOCKING specified.  Putting into queue to be opened asynchronously!
[LOG] AsyncThread::add                         : add sound to async queue : soundi = 00000207610ABAB8, queue head = 0000020480E40A88, queue count = 0
[LOG] AsyncThread::threadFunc                  : Starting Asynchronous operation on sound 00000207610ABAB8
[LOG] SystemI::createSoundInternal             :     Create name='Assets/Plugins/FMOD/FMODBuild/Desktop/Vrij2.bank', mode=0x02010082
[LOG] SystemI::createSoundInternal             :     exinfo->cbsize             = 224
[LOG] SystemI::createSoundInternal             :     exinfo->length             = 1138944
[LOG] SystemI::createSoundInternal             :     exinfo->fileoffset         = 12832
[LOG] SystemI::createSoundInternal             :     exinfo->numsubsounds       = 1
[LOG] SystemI::createSoundInternal             :     exinfo->inclusionlist      = 000002075F88CD60
[LOG] SystemI::createSoundInternal             :     exinfo->inclusionlistnum   = 1
[LOG] SystemI::createSoundInternal             :     exinfo->suggestedsoundtype = 5
[LOG] SystemI::createSoundInternal             :     exinfo->initialseekpostype = 1
[LOG] SystemI::createSoundInternal             :     Stream 0/1: name='68486__hanstimm__heartbeatnb00', format=5, channels=2, frequency=48000, lengthbytes=192608, lengthpcm=2935808, pcmblocksize=0, loopstart=0, loopend=0, mode=0x00000000, channelmask=0x00000000, channelorder=0, peakvolume=1.000000.
[LOG] AsyncThread::threadFunc                  : Finished Asynchronous operation on sound 00000207610ABAB8
[LOG] SoundI::release                          : 68486__hanstimm__heartbeatnb00 (00000207610ABAB8)
[LOG] SoundI::release                          :     68486__hanstimm__heartbeatnb00 (00000206FBCEC718)
[LOG] SoundI::release                          :     68486__hanstimm__heartbeatnb00 (0000020481193D58)
[LOG] SoundI::release                          : 68486__hanstimm__heartbeatnb00 (00000207610AB908)
[LOG] SoundI::release                          :     68486__hanstimm__heartbeatnb00 (00000206FBCEC098)
[LOG] SoundI::release                          :     68486__hanstimm__heartbeatnb00 (00000204811940B8)
[LOG] SystemI::createSoundInternal             : Create name='', mode=0x02000202
[LOG] SystemI::createSoundInternal             : exinfo->cbsize             = 224
[LOG] SystemI::createSoundInternal             : exinfo->length             = 1138944
[LOG] SystemI::createSoundInternal             : exinfo->fileoffset         = 12832
[LOG] SystemI::createSoundInternal             : exinfo->numsubsounds       = 1
[LOG] SystemI::createSoundInternal             : exinfo->inclusionlist      = 000000456B71F3C8
[LOG] SystemI::createSoundInternal             : exinfo->inclusionlistnum   = 1
[LOG] SystemI::createSoundInternal             : exinfo->suggestedsoundtype = 5
[LOG] SystemI::createSoundInternal             : exinfo->useropen           = 00007FFAC75C5B90
[LOG] SystemI::createSoundInternal             : exinfo->userclose          = 00007FFAC75C5B50
[LOG] SystemI::createSoundInternal             : exinfo->userread           = 00007FFAC75C5C70
[LOG] SystemI::createSoundInternal             : exinfo->userseek           = 00007FFAC75C5D30
[LOG] SystemI::createSoundInternal             : exinfo->fileuserdata       = 000002075F88D118
[LOG] SystemI::createSoundInternal             : exinfo->initialseekpostype = 1
[LOG] SystemI::DSPCodecPoolRegister            : register codec pool for pool type 5
[LOG] SystemI::createSoundInternal             : Sample 0/1: name='223614__ctcollab__heartbeat-fast-tempo', format=5, channels=2, frequency=48000, lengthbytes=57792, lengthpcm=254661, pcmblocksize=0, loopstart=0, loopend=0, mode=0x00000000, channelmask=0x00000000, channelorder=0, peakvolume=0.249573.
[LOG] SystemI::createSound                     : filename = Assets/Plugins/FMOD/FMODBuild/Desktop/Vrij2.bank : mode 02010082
[LOG] SystemI::createSound                     : FMOD_NONBLOCKING specified.  Putting into queue to be opened asynchronously!
[LOG] AsyncThread::add                         : add sound to async queue : soundi = 00000207FFABE428, queue head = 0000020480E40A88, queue count = 0
[LOG] AsyncThread::threadFunc                  : Starting Asynchronous operation on sound 00000207FFABE428
[LOG] SystemI::createSoundInternal             :     Create name='Assets/Plugins/FMOD/FMODBuild/Desktop/Vrij2.bank', mode=0x02010082
[LOG] SystemI::createSoundInternal             :     exinfo->cbsize             = 224
[LOG] SystemI::createSoundInternal             :     exinfo->length             = 1138944
[LOG] SystemI::createSoundInternal             :     exinfo->fileoffset         = 12832
[LOG] SystemI::createSoundInternal             :     exinfo->numsubsounds       = 1
[LOG] SystemI::createSoundInternal             :     exinfo->inclusionlist      = 000002049218C9C0
[LOG] SystemI::createSoundInternal             :     exinfo->inclusionlistnum   = 1
[LOG] SystemI::createSoundInternal             :     exinfo->suggestedsoundtype = 5
[LOG] SystemI::createSoundInternal             :     exinfo->initialseekpostype = 1
[LOG] SystemI::createSoundInternal             :     Stream 0/1: name='68486__hanstimm__heartbeatnb00', format=5, channels=2, frequency=48000, lengthbytes=192608, lengthpcm=2935808, pcmblocksize=0, loopstart=0, loopend=0, mode=0x00000000, channelmask=0x00000000, channelorder=0, peakvolume=1.000000.
[LOG] AsyncThread::threadFunc                  : Finished Asynchronous operation on sound 00000207FFABE428
[LOG] SystemI::createSound                     : filename = Assets/Plugins/FMOD/FMODBuild/Desktop/Vrij2.bank : mode 02010082
[LOG] SystemI::createSound                     : FMOD_NONBLOCKING specified.  Putting into queue to be opened asynchronously!
[LOG] AsyncThread::add                         : add sound to async queue : soundi = 0000020800D23758, queue head = 0000020480E40A88, queue count = 0
[LOG] AsyncThread::threadFunc                  : Starting Asynchronous operation on sound 0000020800D23758
[LOG] SystemI::createSoundInternal             :     Create name='Assets/Plugins/FMOD/FMODBuild/Desktop/Vrij2.bank', mode=0x02010082
[LOG] SystemI::createSoundInternal             :     exinfo->cbsize             = 224
[LOG] SystemI::createSoundInternal             :     exinfo->length             = 1138944
[LOG] SystemI::createSoundInternal             :     exinfo->fileoffset         = 12832
[LOG] SystemI::createSoundInternal             :     exinfo->numsubsounds       = 1
[LOG] SystemI::createSoundInternal             :     exinfo->inclusionlist      = 00000206FBFC6BD0
[LOG] SystemI::createSoundInternal             :     exinfo->inclusionlistnum   = 1
[LOG] SystemI::createSoundInternal             :     exinfo->suggestedsoundtype = 5
[LOG] SystemI::createSoundInternal             :     exinfo->initialseekpostype = 1
[LOG] SystemI::createSoundInternal             :     Stream 0/1: name='68486__hanstimm__heartbeatnb00', format=5, channels=2, frequency=48000, lengthbytes=192608, lengthpcm=2935808, pcmblocksize=0, loopstart=0, loopend=0, mode=0x00000000, channelmask=0x00000000, channelorder=0, peakvolume=1.000000.
[LOG] AsyncThread::threadFunc                  : Finished Asynchronous operation on sound 0000020800D23758
[LOG] SoundI::release                          : 68486__hanstimm__heartbeatnb00 (00000207FFABE428)
[LOG] SoundI::release                          :     68486__hanstimm__heartbeatnb00 (00000206FBCEC8B8)
[LOG] SoundI::release                          :     68486__hanstimm__heartbeatnb00 (000002078A3C8AE8)
[LOG] SystemI::createSound                     : filename = Assets/Plugins/FMOD/FMODBuild/Desktop/Vrij2.bank : mode 02010082
[LOG] SystemI::createSound                     : FMOD_NONBLOCKING specified.  Putting into queue to be opened asynchronously!
[LOG] AsyncThread::add                         : add sound to async queue : soundi = 0000020800D23248, queue head = 0000020480E40A88, queue count = 0
[LOG] AsyncThread::threadFunc                  : Starting Asynchronous operation on sound 0000020800D23248
[LOG] SystemI::createSoundInternal             :     Create name='Assets/Plugins/FMOD/FMODBuild/Desktop/Vrij2.bank', mode=0x02010082
[LOG] SystemI::createSoundInternal             :     exinfo->cbsize             = 224
[LOG] SystemI::createSoundInternal             :     exinfo->length             = 1138944
[LOG] SystemI::createSoundInternal             :     exinfo->fileoffset         = 12832
[LOG] SystemI::createSoundInternal             :     exinfo->numsubsounds       = 1
[LOG] SystemI::createSoundInternal             :     exinfo->inclusionlist      = 00000206FBFC6590
[LOG] SystemI::createSoundInternal             :     exinfo->inclusionlistnum   = 1
[LOG] SystemI::createSoundInternal             :     exinfo->suggestedsoundtype = 5
[LOG] SystemI::createSoundInternal             :     exinfo->initialseekpostype = 1
[LOG] SystemI::createSoundInternal             :     Stream 0/1: name='68486__hanstimm__heartbeatnb00', format=5, channels=2, frequency=48000, lengthbytes=192608, lengthpcm=2935808, pcmblocksize=0, loopstart=0, loopend=0, mode=0x00000000, channelmask=0x00000000, channelorder=0, peakvolume=1.000000.
[LOG] AsyncThread::threadFunc                  : Finished Asynchronous operation on sound 0000020800D23248
[LOG] SoundI::release                          : 68486__hanstimm__heartbeatnb00 (0000020800D23758)
[LOG] SoundI::release                          :     68486__hanstimm__heartbeatnb00 (00000206FBCEAEB8)
[LOG] SoundI::release                          :     68486__hanstimm__heartbeatnb00 (000002078A3C8C98)
[LOG] SystemI::createSound                     : filename = Assets/Plugins/FMOD/FMODBuild/Desktop/Vrij2.bank : mode 02010082
[LOG] SystemI::createSound                     : FMOD_NONBLOCKING specified.  Putting into queue to be opened asynchronously!
[LOG] AsyncThread::add                         : add sound to async queue : soundi = 0000020800D23E18, queue head = 0000020480E40A88, queue count = 0
[LOG] AsyncThread::threadFunc                  : Starting Asynchronous operation on sound 0000020800D23E18
[LOG] SystemI::createSoundInternal             :     Create name='Assets/Plugins/FMOD/FMODBuild/Desktop/Vrij2.bank', mode=0x02010082
[LOG] SystemI::createSoundInternal             :     exinfo->cbsize             = 224
[LOG] SystemI::createSoundInternal             :     exinfo->length             = 1138944
[LOG] SystemI::createSoundInternal             :     exinfo->fileoffset         = 12832
[LOG] SystemI::createSoundInternal             :     exinfo->numsubsounds       = 1
[LOG] SystemI::createSoundInternal             :     exinfo->inclusionlist      = 00000206FBFC6310
[LOG] SystemI::createSoundInternal             :     exinfo->inclusionlistnum   = 1
[LOG] SystemI::createSoundInternal             :     exinfo->suggestedsoundtype = 5
[LOG] SystemI::createSoundInternal             :     exinfo->initialseekpostype = 1
[LOG] SystemI::createSoundInternal             :     Stream 0/1: name='68486__hanstimm__heartbeatnb00', format=5, channels=2, frequency=48000, lengthbytes=192608, lengthpcm=2935808, pcmblocksize=0, loopstart=0, loopend=0, mode=0x00000000, channelmask=0x00000000, channelorder=0, peakvolume=1.000000.
[LOG] AsyncThread::threadFunc                  : Finished Asynchronous operation on sound 0000020800D23E18
[LOG] SoundI::release                          : 68486__hanstimm__heartbeatnb00 (0000020800D23E18)
[LOG] SoundI::release                          :     68486__hanstimm__heartbeatnb00 (00000206FBCEC098)
[LOG] SoundI::release                          :     68486__hanstimm__heartbeatnb00 (0000020753F23488)
[LOG] SoundI::release                          : 68486__hanstimm__heartbeatnb00 (0000020800D23248)
[LOG] SoundI::release                          :     68486__hanstimm__heartbeatnb00 (00000206FBCE97F8)
[LOG] SoundI::release                          :     68486__hanstimm__heartbeatnb00 (000002078A3C8AE8)
[LOG] SystemI::createSound                     : filename = Assets/Plugins/FMOD/FMODBuild/Desktop/Vrij2.bank : mode 02010082
[LOG] SystemI::createSound                     : FMOD_NONBLOCKING specified.  Putting into queue to be opened asynchronously!
[LOG] AsyncThread::add                         : add sound to async queue : soundi = 00000207FFABE278, queue head = 0000020480E40A88, queue count = 0
[LOG] AsyncThread::threadFunc                  : Starting Asynchronous operation on sound 00000207FFABE278
[LOG] SystemI::createSoundInternal             :     Create name='Assets/Plugins/FMOD/FMODBuild/Desktop/Vrij2.bank', mode=0x02010082
[LOG] SystemI::createSoundInternal             :     exinfo->cbsize             = 224
[LOG] SystemI::createSoundInternal             :     exinfo->length             = 1138944
[LOG] SystemI::createSoundInternal             :     exinfo->fileoffset         = 12832
[LOG] SystemI::createSoundInternal             :     exinfo->numsubsounds       = 1
[LOG] SystemI::createSoundInternal             :     exinfo->inclusionlist      = 000002049218C9C0
[LOG] SystemI::createSoundInternal             :     exinfo->inclusionlistnum   = 1
[LOG] SystemI::createSoundInternal             :     exinfo->suggestedsoundtype = 5
[LOG] SystemI::createSoundInternal             :     exinfo->initialseekpostype = 1
[LOG] SystemI::createSoundInternal             :     Stream 0/1: name='68486__hanstimm__heartbeatnb00', format=5, channels=2, frequency=48000, lengthbytes=192608, lengthpcm=2935808, pcmblocksize=0, loopstart=0, loopend=0, mode=0x00000000, channelmask=0x00000000, channelorder=0, peakvolume=1.000000.
[LOG] AsyncThread::threadFunc                  : Finished Asynchronous operation on sound 00000207FFABE278
[LOG] SystemI::createSound                     : filename = Assets/Plugins/FMOD/FMODBuild/Desktop/Vrij2.bank : mode 02010082
[LOG] SystemI::createSound                     : FMOD_NONBLOCKING specified.  Putting into queue to be opened asynchronously!
[LOG] AsyncThread::add                         : add sound to async queue : soundi = 00000206FBFC6408, queue head = 0000020480E40A88, queue count = 0
[LOG] AsyncThread::threadFunc                  : Starting Asynchronous operation on sound 00000206FBFC6408
[LOG] SystemI::createSoundInternal             :     Create name='Assets/Plugins/FMOD/FMODBuild/Desktop/Vrij2.bank', mode=0x02010082
[LOG] SystemI::createSoundInternal             :     exinfo->cbsize             = 224
[LOG] SystemI::createSoundInternal             :     exinfo->length             = 1138944
[LOG] SystemI::createSoundInternal             :     exinfo->fileoffset         = 12832
[LOG] SystemI::createSoundInternal             :     exinfo->numsubsounds       = 1
[LOG] SystemI::createSoundInternal             :     exinfo->inclusionlist      = 00000207610ABA80
[LOG] SystemI::createSoundInternal             :     exinfo->inclusionlistnum   = 1
[LOG] SystemI::createSoundInternal             :     exinfo->suggestedsoundtype = 5
[LOG] SystemI::createSoundInternal             :     exinfo->initialseekpostype = 1
[LOG] SystemI::createSoundInternal             :     Stream 0/1: name='68486__hanstimm__heartbeatnb00', format=5, channels=2, frequency=48000, lengthbytes=192608, lengthpcm=2935808, pcmblocksize=0, loopstart=0, loopend=0, mode=0x00000000, channelmask=0x00000000, channelorder=0, peakvolume=1.000000.
[LOG] AsyncThread::threadFunc                  : Finished Asynchronous operation on sound 00000206FBFC6408
[LOG] SoundI::release                          : 68486__hanstimm__heartbeatnb00 (00000207FFABE278)
[LOG] SoundI::release                          :     68486__hanstimm__heartbeatnb00 (00000206FBCE9E78)
[LOG] SoundI::release                          :     68486__hanstimm__heartbeatnb00 (0000020753F22F78)
[LOG] SystemI::createSound                     : filename = Assets/Plugins/FMOD/FMODBuild/Desktop/Vrij2.bank : mode 02010082
[LOG] SystemI::createSound                     : FMOD_NONBLOCKING specified.  Putting into queue to be opened asynchronously!
[LOG] AsyncThread::add                         : add sound to async queue : soundi = 00000206FBFC65B8, queue head = 0000020480E40A88, queue count = 0
[LOG] AsyncThread::threadFunc                  : Starting Asynchronous operation on sound 00000206FBFC65B8
[LOG] SystemI::createSoundInternal             :     Create name='Assets/Plugins/FMOD/FMODBuild/Desktop/Vrij2.bank', mode=0x02010082
[LOG] SystemI::createSoundInternal             :     exinfo->cbsize             = 224
[LOG] SystemI::createSoundInternal             :     exinfo->length             = 1138944
[LOG] SystemI::createSoundInternal             :     exinfo->fileoffset         = 12832
[LOG] SystemI::createSoundInternal             :     exinfo->numsubsounds       = 1
[LOG] SystemI::createSoundInternal             :     exinfo->inclusionlist      = 00000207610ABE40
[LOG] SystemI::createSoundInternal             :     exinfo->inclusionlistnum   = 1
[LOG] SystemI::createSoundInternal             :     exinfo->suggestedsoundtype = 5
[LOG] SystemI::createSoundInternal             :     exinfo->initialseekpostype = 1
[LOG] SystemI::createSoundInternal             :     Stream 0/1: name='68486__hanstimm__heartbeatnb00', format=5, channels=2, frequency=48000, lengthbytes=192608, lengthpcm=2935808, pcmblocksize=0, loopstart=0, loopend=0, mode=0x00000000, channelmask=0x00000000, channelorder=0, peakvolume=1.000000.
[LOG] AsyncThread::threadFunc                  : Finished Asynchronous operation on sound 00000206FBFC65B8
[LOG] SoundI::release                          : 68486__hanstimm__heartbeatnb00 (00000206FBFC65B8)
[LOG] SoundI::release                          :     68486__hanstimm__heartbeatnb00 (00000206FBCEBA18)
[LOG] SoundI::release                          :     68486__hanstimm__heartbeatnb00 (0000020753F22F78)
[LOG] SoundI::release                          : 68486__hanstimm__heartbeatnb00 (00000206FBFC6408)
[LOG] SoundI::release                          :     68486__hanstimm__heartbeatnb00 (00000206FBCEC098)
[LOG] SoundI::release                          :     68486__hanstimm__heartbeatnb00 (0000020753F23488)
[LOG] SoundI::release                          :  (0000020789F41968)
[LOG] SoundI::release                          :     223614__ctcollab__heartbeat-fast-tempo (00000206FBCEC3D8)
[LOG] Manager::readBank                        : fileversion = 142, compatVersion = 140 (oldest = 44, newest = 142)
[LOG] Manager::readBank                        : fileversion = 142, compatVersion = 140 (oldest = 44, newest = 142)
[LOG] PlaybackSystem::acquireMasterBus         : Setting master channel group format to 6
[LOG] Manager::readBank                        : fileversion = 142, compatVersion = 140 (oldest = 44, newest = 142)
[LOG] Thread::callback                         : FMOD Studio bank load thread finished.
[LOG] Thread::callback                         : FMOD Studio sample load thread finished.
[LOG] LiveUpdate::release                      : 
[LOG] LiveUpdate::reset                        : Reset connection (reason Disconnected)
[LOG] Thread::callback                         : FMOD stream thread finished.
[LOG] Thread::callback                         : FMOD mixer thread finished.
[LOG] SystemI::close                           : Closed.
[LOG] Thread::callback                         : FMOD nonblocking thread (0) finished.
[LOG] Thread::callback                         : FMOD file thread finished.
